[debug] ----------------------------------------------------------------------
<<<<<<< HEAD
[debug] Command:      C:\Program Files\nodejs\node.exe C:\Users\Henry\AppData\Roaming\npm\node_modules\firebase-tools\bin\firebase serve
[debug] CLI Version:  3.0.7
[debug] Platform:     win32
[debug] Node Version: v4.4.5
[debug] Time:         Tue Sep 27 2016 00:38:14 GMT-0400 (Eastern Daylight Time)
=======
[debug] Command:      /usr/local/bin/node /usr/local/bin/firebase serve
[debug] CLI Version:  3.0.7
[debug] Platform:     darwin
[debug] Node Version: v4.5.0
[debug] Time:         Tue Sep 27 2016 02:39:56 GMT-0400 (EDT)
>>>>>>> 5d2b0ea5ec7ef94f00cc20daf5e9c690cc1c642d
[debug] ----------------------------------------------------------------------
[debug] 
[info] Starting Firebase development server...
[info] 
<<<<<<< HEAD
[info] Project Directory: C:\Users\Henry\Documents\redstarter\RedStarter
=======
[info] Project Directory: /Users/ashmita/Desktop/swe432/RedStarter
>>>>>>> 5d2b0ea5ec7ef94f00cc20daf5e9c690cc1c642d
[info] Public Directory: public
[info] 
[info] Server listening at: http://localhost:5000
