0 info it worked if it ends with ok
1 verbose cli [ '/usr/local/bin/node',
1 verbose cli   '/usr/local/bin/npm',
1 verbose cli   'install',
1 verbose cli   '-g',
1 verbose cli   'firebase-tools' ]
2 info using npm@2.15.9
3 info using node@v4.5.0
4 verbose install initial load of /usr/local/lib/package.json
5 verbose readDependencies loading dependencies from /usr/local/lib/package.json
6 silly cache add args [ 'firebase-tools', null ]
7 verbose cache add spec firebase-tools
8 silly cache add parsed spec Result {
8 silly cache add   raw: 'firebase-tools',
8 silly cache add   scope: null,
8 silly cache add   name: 'firebase-tools',
8 silly cache add   rawSpec: '',
8 silly cache add   spec: 'latest',
8 silly cache add   type: 'tag' }
9 silly addNamed firebase-tools@latest
10 verbose addNamed "latest" is being treated as a dist-tag for firebase-tools
11 info addNameTag [ 'firebase-tools', 'latest' ]
12 silly mapToRegistry name firebase-tools
13 silly mapToRegistry using default registry
14 silly mapToRegistry registry https://registry.npmjs.org/
15 silly mapToRegistry data Result {
15 silly mapToRegistry   raw: 'firebase-tools',
15 silly mapToRegistry   scope: null,
15 silly mapToRegistry   name: 'firebase-tools',
15 silly mapToRegistry   rawSpec: '',
15 silly mapToRegistry   spec: 'latest',
15 silly mapToRegistry   type: 'tag' }
16 silly mapToRegistry uri https://registry.npmjs.org/firebase-tools
17 verbose addNameTag registry:https://registry.npmjs.org/firebase-tools not in flight; fetching
18 verbose request uri https://registry.npmjs.org/firebase-tools
19 verbose request no auth needed
20 info attempt registry request try #1 at 2:05:45 PM
21 verbose request id 19407d66266c4a86
22 verbose etag "CFMSJVHF32VAT3K1LLTQAKR02"
23 http request GET https://registry.npmjs.org/firebase-tools
24 http 200 https://registry.npmjs.org/firebase-tools
25 verbose headers { server: 'CouchDB/1.5.0 (Erlang OTP/R16B03)',
25 verbose headers   etag: '"CDJD2FR7KVCXP7EJ70H0F25KJ"',
25 verbose headers   'content-type': 'application/json',
25 verbose headers   'content-encoding': 'gzip',
25 verbose headers   'cache-control': 'max-age=300',
25 verbose headers   'content-length': '10188',
25 verbose headers   'accept-ranges': 'bytes',
25 verbose headers   date: 'Mon, 03 Oct 2016 18:05:45 GMT',
25 verbose headers   via: '1.1 varnish',
25 verbose headers   age: '0',
25 verbose headers   connection: 'keep-alive',
25 verbose headers   'x-served-by': 'cache-iad2147-IAD',
25 verbose headers   'x-cache': 'HIT',
25 verbose headers   'x-cache-hits': '1',
25 verbose headers   'x-timer': 'S1475517945.455148,VS0,VE13',
25 verbose headers   vary: 'Accept-Encoding' }
26 silly get cb [ 200,
26 silly get   { server: 'CouchDB/1.5.0 (Erlang OTP/R16B03)',
26 silly get     etag: '"CDJD2FR7KVCXP7EJ70H0F25KJ"',
26 silly get     'content-type': 'application/json',
26 silly get     'content-encoding': 'gzip',
26 silly get     'cache-control': 'max-age=300',
26 silly get     'content-length': '10188',
26 silly get     'accept-ranges': 'bytes',
26 silly get     date: 'Mon, 03 Oct 2016 18:05:45 GMT',
26 silly get     via: '1.1 varnish',
26 silly get     age: '0',
26 silly get     connection: 'keep-alive',
26 silly get     'x-served-by': 'cache-iad2147-IAD',
26 silly get     'x-cache': 'HIT',
26 silly get     'x-cache-hits': '1',
26 silly get     'x-timer': 'S1475517945.455148,VS0,VE13',
26 silly get     vary: 'Accept-Encoding' } ]
27 verbose get saving firebase-tools to /Users/ashmita/.npm/registry.npmjs.org/firebase-tools/.cache.json
28 verbose correctMkdir /Users/ashmita/.npm correctMkdir not in flight; initializing
29 silly addNameTag next cb for firebase-tools with tag latest
30 silly addNamed firebase-tools@3.0.8
31 verbose addNamed "3.0.8" is a plain semver version for firebase-tools
32 silly mapToRegistry name firebase-tools
33 silly mapToRegistry using default registry
34 silly mapToRegistry registry https://registry.npmjs.org/
35 silly mapToRegistry data Result {
35 silly mapToRegistry   raw: 'firebase-tools',
35 silly mapToRegistry   scope: null,
35 silly mapToRegistry   name: 'firebase-tools',
35 silly mapToRegistry   rawSpec: '',
35 silly mapToRegistry   spec: 'latest',
35 silly mapToRegistry   type: 'tag' }
36 silly mapToRegistry uri https://registry.npmjs.org/firebase-tools
37 verbose addRemoteTarball https://registry.npmjs.org/firebase-tools/-/firebase-tools-3.0.8.tgz not in flight; adding
38 verbose addRemoteTarball [ 'https://registry.npmjs.org/firebase-tools/-/firebase-tools-3.0.8.tgz',
38 verbose addRemoteTarball   '52e4482fdb98b8a7930b1a6c4ce7bb4769c3d4e1' ]
39 info retry fetch attempt 1 at 2:05:45 PM
40 info attempt registry request try #1 at 2:05:45 PM
41 http fetch GET https://registry.npmjs.org/firebase-tools/-/firebase-tools-3.0.8.tgz
42 http fetch 200 https://registry.npmjs.org/firebase-tools/-/firebase-tools-3.0.8.tgz
43 silly fetchAndShaCheck shasum 52e4482fdb98b8a7930b1a6c4ce7bb4769c3d4e1
44 verbose addTmpTarball /var/folders/yc/1mqzv6nd1dv05k4z29qb261w0000gn/T/npm-5230-b3b42a25/registry.npmjs.org/firebase-tools/-/firebase-tools-3.0.8.tgz not in flight; adding
45 verbose addTmpTarball already have metadata; skipping unpack for firebase-tools@3.0.8
46 verbose correctMkdir /Users/ashmita/.npm correctMkdir not in flight; initializing
47 silly cache afterAdd firebase-tools@3.0.8
48 verbose afterAdd /Users/ashmita/.npm/firebase-tools/3.0.8/package/package.json not in flight; writing
49 verbose correctMkdir /Users/ashmita/.npm correctMkdir not in flight; initializing
50 verbose afterAdd /Users/ashmita/.npm/firebase-tools/3.0.8/package/package.json written
51 silly install resolved [ { name: 'firebase-tools',
51 silly install resolved     version: '3.0.8',
51 silly install resolved     description: 'Command-Line Interface for Firebase',
51 silly install resolved     main: 'index.js',
51 silly install resolved     bin: { firebase: './bin/firebase' },
51 silly install resolved     scripts: { test: 'gulp' },
51 silly install resolved     repository:
51 silly install resolved      { type: 'git',
51 silly install resolved        url: 'git+https://github.com/firebase/firebase-tools.git' },
51 silly install resolved     keywords:
51 silly install resolved      [ 'cdn',
51 silly install resolved        'cli',
51 silly install resolved        'ssl',
51 silly install resolved        'cloud',
51 silly install resolved        'hosting',
51 silly install resolved        'firebase',
51 silly install resolved        'realtime',
51 silly install resolved        'websockets',
51 silly install resolved        'synchronization' ],
51 silly install resolved     preferGlobal: true,
51 silly install resolved     engines: { node: '>=0.10.0' },
51 silly install resolved     'engine-strict': true,
51 silly install resolved     author: { name: 'Firebase', url: 'https://firebase.google.com/' },
51 silly install resolved     license: 'MIT',
51 silly install resolved     bugs: { url: 'https://github.com/firebase/firebase-tools/issues' },
51 silly install resolved     files: [ 'bin/**', 'lib/**', 'commands/**', 'templates/**', 'index.js' ],
51 silly install resolved     homepage: 'https://github.com/firebase/firebase-tools',
51 silly install resolved     dependencies:
51 silly install resolved      { archiver: '^0.16.0',
51 silly install resolved        chalk: '^1.1.0',
51 silly install resolved        cjson: '^0.3.1',
51 silly install resolved        'cli-spinner': '^0.2.5',
51 silly install resolved        'cli-table': '^0.3.1',
51 silly install resolved        commander: '^2.8.1',
51 silly install resolved        'concat-stream': '^1.5.0',
51 silly install resolved        configstore: '^1.2.0',
51 silly install resolved        'cross-spawn': '^4.0.0',
51 silly install resolved        didyoumean: '^1.2.1',
51 silly install resolved        'exit-code': '^1.0.2',
51 silly install resolved        filesize: '^3.1.3',
51 silly install resolved        firebase: '2.x.x',
51 silly install resolved        'fs-extra': '^0.23.1',
51 silly install resolved        'fstream-ignore': '^1.0.2',
51 silly install resolved        googleapis: '^2.1.7',
51 silly install resolved        inquirer: '^0.12.0',
51 silly install resolved        jsonschema: '^1.0.2',
51 silly install resolved        jsonwebtoken: '^5.4.0',
51 silly install resolved        lodash: '^4.6.1',
51 silly install resolved        'node-uuid': '^1.4.3',
51 silly install resolved        open: '^0.0.5',
51 silly install resolved        portfinder: '^0.4.0',
51 silly install resolved        progress: '^1.1.8',
51 silly install resolved        request: '^2.58.0',
51 silly install resolved        rsvp: '^3.0.18',
51 silly install resolved        semver: '^5.0.3',
51 silly install resolved        shelljs: '^0.5.3',
51 silly install resolved        superstatic: '^4.0',
51 silly install resolved        tar: '^2.2.0',
51 silly install resolved        through: '^2.3.8',
51 silly install resolved        tmp: '0.0.27',
51 silly install resolved        'universal-analytics': '^0.3.9',
51 silly install resolved        'update-notifier': '^0.5.0',
51 silly install resolved        'user-home': '^2.0.0',
51 silly install resolved        uuid: '^2.0.1',
51 silly install resolved        winston: '^1.0.1' },
51 silly install resolved     devDependencies:
51 silly install resolved      { chai: '^3.0.0',
51 silly install resolved        'chai-as-promised': '^5.1.0',
51 silly install resolved        coveralls: '2.11.2',
51 silly install resolved        eslint: '^1.4.1',
51 silly install resolved        gulp: '^3.9.0',
51 silly install resolved        'gulp-eslint': '^1.0.0',
51 silly install resolved        'gulp-exit': '0.0.2',
51 silly install resolved        'gulp-istanbul': '^0.10.0',
51 silly install resolved        'gulp-mocha': '^2.1.2',
51 silly install resolved        'jshint-stylish': '^2.0.1',
51 silly install resolved        nock: '^2.10.0',
51 silly install resolved        sinon: '^1.17.4',
51 silly install resolved        'sinon-as-promised': '^4.0.0',
51 silly install resolved        'sinon-chai': '^2.8.0' },
51 silly install resolved     gitHead: '9e906fb72b1198a81ad06a314aacf00a9c25c307',
51 silly install resolved     _id: 'firebase-tools@3.0.8',
51 silly install resolved     _shasum: '52e4482fdb98b8a7930b1a6c4ce7bb4769c3d4e1',
51 silly install resolved     _from: 'firebase-tools@latest',
51 silly install resolved     _npmVersion: '2.15.0',
51 silly install resolved     _nodeVersion: '0.12.13',
51 silly install resolved     _npmUser: { name: 'firebase', email: 'operations+plainlogo@firebase.com' },
51 silly install resolved     dist:
51 silly install resolved      { shasum: '52e4482fdb98b8a7930b1a6c4ce7bb4769c3d4e1',
51 silly install resolved        tarball: 'https://registry.npmjs.org/firebase-tools/-/firebase-tools-3.0.8.tgz' },
51 silly install resolved     maintainers: [ [Object] ],
51 silly install resolved     _npmOperationalInternal:
51 silly install resolved      { host: 'packages-12-west.internal.npmjs.com',
51 silly install resolved        tmp: 'tmp/firebase-tools-3.0.8.tgz_1475262441437_0.6979508025106043' },
51 silly install resolved     directories: {},
51 silly install resolved     _resolved: 'https://registry.npmjs.org/firebase-tools/-/firebase-tools-3.0.8.tgz' } ]
52 info install firebase-tools@3.0.8 into /usr/local/lib
53 info installOne firebase-tools@3.0.8
54 verbose installOne of firebase-tools to /usr/local/lib not in flight; installing
55 verbose correctMkdir /Users/ashmita/.npm/_locks correctMkdir not in flight; initializing
56 verbose lock using /Users/ashmita/.npm/_locks/firebase-tools-10d1b8d676fd02fa.lock for /usr/local/lib/node_modules/firebase-tools
57 silly install write writing firebase-tools 3.0.8 to /usr/local/lib/node_modules/firebase-tools
58 verbose unbuild lib/node_modules/firebase-tools
59 info preuninstall firebase-tools@3.0.7
60 info uninstall firebase-tools@3.0.7
61 verbose unbuild rmStuff firebase-tools@3.0.7 from /usr/local/lib/node_modules
62 silly gentlyRm /usr/local/bin/firebase is being gently removed
63 silly gentlyRm verifying /usr/local is an npm working directory
64 silly gentlyRm containing path /usr/local is under npm's control, in /usr/local
65 silly gentlyRm deletion target /usr/local/bin/firebase is under /usr/local
66 verbose gentlyRm vacuuming from /usr/local/bin/firebase up to /usr/local
67 silly vacuum-fs removing /usr/local/bin/firebase
68 verbose unlock done using /Users/ashmita/.npm/_locks/firebase-tools-10d1b8d676fd02fa.lock for /usr/local/lib/node_modules/firebase-tools
69 verbose stack Error: EACCES: permission denied, unlink '/usr/local/bin/firebase'
69 verbose stack     at Error (native)
70 verbose cwd /Users/ashmita/Desktop/swe432/RedStarter
71 error Darwin 16.0.0
72 error argv "/usr/local/bin/node" "/usr/local/bin/npm" "install" "-g" "firebase-tools"
73 error node v4.5.0
74 error npm  v2.15.9
75 error path /usr/local/bin/firebase
76 error code EACCES
77 error errno -13
78 error syscall unlink
79 error Error: EACCES: permission denied, unlink '/usr/local/bin/firebase'
79 error     at Error (native)
79 error  { [Error: EACCES: permission denied, unlink '/usr/local/bin/firebase']
79 error   errno: -13,
79 error   code: 'EACCES',
79 error   syscall: 'unlink',
79 error   path: '/usr/local/bin/firebase' }
80 error Please try running this command again as root/Administrator.
81 verbose exit [ -13, true ]
82 verbose unbuild lib/node_modules/firebase-tools
83 info preuninstall firebase-tools@3.0.7
84 info uninstall firebase-tools@3.0.7
85 verbose unbuild rmStuff firebase-tools@3.0.7 from /usr/local/lib/node_modules
86 silly gentlyRm /usr/local/bin/firebase is being gently removed
87 silly gentlyRm verifying /usr/local is an npm working directory
88 silly gentlyRm containing path /usr/local is under npm's control, in /usr/local
89 silly gentlyRm deletion target /usr/local/bin/firebase is under /usr/local
90 verbose gentlyRm vacuuming from /usr/local/bin/firebase up to /usr/local
91 silly vacuum-fs removing /usr/local/bin/firebase
92 error error rolling back Error: EACCES: permission denied, unlink '/usr/local/bin/firebase'
92 error error rolling back     at Error (native)
92 error error rolling back  { [Error: EACCES: permission denied, unlink '/usr/local/bin/firebase']
92 error error rolling back   errno: -13,
92 error error rolling back   code: 'EACCES',
92 error error rolling back   syscall: 'unlink',
92 error error rolling back   path: '/usr/local/bin/firebase' }
